[15:58:28:327] [WARN] - org.thymeleaf.templatemode.TemplateMode.parse(TemplateMode.java:150) - [THYMELEAF][main] Template Mode 'HTML5' is deprecated. Using Template Mode 'HTML' instead.
[15:58:28:645] [WARN] - org.springframework.boot.autoconfigure.orm.jpa.JpaBaseConfiguration$JpaWebConfiguration$JpaWebMvcConfiguration.openEntityManagerInViewInterceptor(JpaBaseConfiguration.java:235) - spring.jpa.open-in-view is enabled by default. Therefore, database queries may be performed during view rendering. Explicitly configure spring.jpa.open-in-view to disable this warning
[16:07:01:051] [WARN] - org.springframework.context.support.AbstractApplicationContext.refresh(AbstractApplicationContext.java:557) - Exception encountered during context initialization - cancelling refresh attempt: org.springframework.beans.factory.UnsatisfiedDependencyException: Error creating bean with name 'emailApi' defined in file [E:\IDEA_proj\SpringWebWithBoot\out\production\classes\com\edoctor\api\EmailApi.class]: Unsatisfied dependency expressed through constructor parameter 0; nested exception is org.springframework.beans.factory.BeanCreationException: Error creating bean with name 'deviceRepository': Cannot create inner bean '(inner bean)#1697f2b3' of type [org.springframework.orm.jpa.SharedEntityManagerCreator] while setting bean property 'entityManager'; nested exception is org.springframework.beans.factory.BeanCreationException: Error creating bean with name '(inner bean)#1697f2b3': Cannot resolve reference to bean 'entityManagerFactory' while setting constructor argument; nested exception is org.springframework.beans.factory.UnsatisfiedDependencyException: Error creating bean with name 'entityManagerFactory' defined in class path resource [com/edoctor/conf/JpaConfig.class]: Unsatisfied dependency expressed through method 'entityManagerFactory' parameter 0; nested exception is org.springframework.beans.factory.NoSuchBeanDefinitionException: No qualifying bean of type 'javax.sql.DataSource' available: expected at least 1 bean which qualifies as autowire candidate. Dependency annotations: {}
[16:07:01:064] [WARN] - org.apache.juli.logging.DirectJDKLog.log(DirectJDKLog.java:180) - The web application [SpringWebWithBoot] appears to have started a thread named [Abandoned connection cleanup thread] but has failed to stop it. This is very likely to create a memory leak. Stack trace of thread:
 java.lang.Object.wait(Native Method)
 java.lang.ref.ReferenceQueue.remove(ReferenceQueue.java:143)
 com.mysql.cj.jdbc.AbandonedConnectionCleanupThread.run(AbandonedConnectionCleanupThread.java:43)
[16:07:56:175] [WARN] - org.thymeleaf.templatemode.TemplateMode.parse(TemplateMode.java:150) - [THYMELEAF][main] Template Mode 'HTML5' is deprecated. Using Template Mode 'HTML' instead.
[16:07:56:494] [WARN] - org.springframework.boot.autoconfigure.orm.jpa.JpaBaseConfiguration$JpaWebConfiguration$JpaWebMvcConfiguration.openEntityManagerInViewInterceptor(JpaBaseConfiguration.java:235) - spring.jpa.open-in-view is enabled by default. Therefore, database queries may be performed during view rendering. Explicitly configure spring.jpa.open-in-view to disable this warning
[16:53:57:383] [WARN] - org.thymeleaf.templatemode.TemplateMode.parse(TemplateMode.java:150) - [THYMELEAF][main] Template Mode 'HTML5' is deprecated. Using Template Mode 'HTML' instead.
[16:53:57:890] [WARN] - org.springframework.boot.autoconfigure.orm.jpa.JpaBaseConfiguration$JpaWebConfiguration$JpaWebMvcConfiguration.openEntityManagerInViewInterceptor(JpaBaseConfiguration.java:235) - spring.jpa.open-in-view is enabled by default. Therefore, database queries may be performed during view rendering. Explicitly configure spring.jpa.open-in-view to disable this warning
[16:57:43:694] [WARN] - org.thymeleaf.templatemode.TemplateMode.parse(TemplateMode.java:150) - [THYMELEAF][main] Template Mode 'HTML5' is deprecated. Using Template Mode 'HTML' instead.
[16:57:44:227] [WARN] - org.springframework.boot.autoconfigure.orm.jpa.JpaBaseConfiguration$JpaWebConfiguration$JpaWebMvcConfiguration.openEntityManagerInViewInterceptor(JpaBaseConfiguration.java:235) - spring.jpa.open-in-view is enabled by default. Therefore, database queries may be performed during view rendering. Explicitly configure spring.jpa.open-in-view to disable this warning
[17:00:59:618] [WARN] - org.thymeleaf.templatemode.TemplateMode.parse(TemplateMode.java:150) - [THYMELEAF][main] Template Mode 'HTML5' is deprecated. Using Template Mode 'HTML' instead.
[17:01:00:122] [WARN] - org.springframework.boot.autoconfigure.orm.jpa.JpaBaseConfiguration$JpaWebConfiguration$JpaWebMvcConfiguration.openEntityManagerInViewInterceptor(JpaBaseConfiguration.java:235) - spring.jpa.open-in-view is enabled by default. Therefore, database queries may be performed during view rendering. Explicitly configure spring.jpa.open-in-view to disable this warning
[17:04:53:249] [WARN] - org.thymeleaf.templatemode.TemplateMode.parse(TemplateMode.java:150) - [THYMELEAF][main] Template Mode 'HTML5' is deprecated. Using Template Mode 'HTML' instead.
[17:04:53:780] [WARN] - org.springframework.boot.autoconfigure.orm.jpa.JpaBaseConfiguration$JpaWebConfiguration$JpaWebMvcConfiguration.openEntityManagerInViewInterceptor(JpaBaseConfiguration.java:235) - spring.jpa.open-in-view is enabled by default. Therefore, database queries may be performed during view rendering. Explicitly configure spring.jpa.open-in-view to disable this warning
[17:07:04:868] [WARN] - org.thymeleaf.templatemode.TemplateMode.parse(TemplateMode.java:150) - [THYMELEAF][main] Template Mode 'HTML5' is deprecated. Using Template Mode 'HTML' instead.
[17:07:05:379] [WARN] - org.springframework.boot.autoconfigure.orm.jpa.JpaBaseConfiguration$JpaWebConfiguration$JpaWebMvcConfiguration.openEntityManagerInViewInterceptor(JpaBaseConfiguration.java:235) - spring.jpa.open-in-view is enabled by default. Therefore, database queries may be performed during view rendering. Explicitly configure spring.jpa.open-in-view to disable this warning
[17:08:42:669] [WARN] - org.thymeleaf.templatemode.TemplateMode.parse(TemplateMode.java:150) - [THYMELEAF][main] Template Mode 'HTML5' is deprecated. Using Template Mode 'HTML' instead.
[17:08:43:186] [WARN] - org.springframework.boot.autoconfigure.orm.jpa.JpaBaseConfiguration$JpaWebConfiguration$JpaWebMvcConfiguration.openEntityManagerInViewInterceptor(JpaBaseConfiguration.java:235) - spring.jpa.open-in-view is enabled by default. Therefore, database queries may be performed during view rendering. Explicitly configure spring.jpa.open-in-view to disable this warning
[17:10:44:038] [WARN] - org.thymeleaf.templatemode.TemplateMode.parse(TemplateMode.java:150) - [THYMELEAF][main] Template Mode 'HTML5' is deprecated. Using Template Mode 'HTML' instead.
[17:10:44:558] [WARN] - org.springframework.boot.autoconfigure.orm.jpa.JpaBaseConfiguration$JpaWebConfiguration$JpaWebMvcConfiguration.openEntityManagerInViewInterceptor(JpaBaseConfiguration.java:235) - spring.jpa.open-in-view is enabled by default. Therefore, database queries may be performed during view rendering. Explicitly configure spring.jpa.open-in-view to disable this warning
[17:26:02:081] [WARN] - org.thymeleaf.templatemode.TemplateMode.parse(TemplateMode.java:150) - [THYMELEAF][main] Template Mode 'HTML5' is deprecated. Using Template Mode 'HTML' instead.
[17:26:02:582] [WARN] - org.springframework.boot.autoconfigure.orm.jpa.JpaBaseConfiguration$JpaWebConfiguration$JpaWebMvcConfiguration.openEntityManagerInViewInterceptor(JpaBaseConfiguration.java:235) - spring.jpa.open-in-view is enabled by default. Therefore, database queries may be performed during view rendering. Explicitly configure spring.jpa.open-in-view to disable this warning
[17:36:18:339] [WARN] - org.thymeleaf.templatemode.TemplateMode.parse(TemplateMode.java:150) - [THYMELEAF][main] Template Mode 'HTML5' is deprecated. Using Template Mode 'HTML' instead.
[17:36:18:747] [WARN] - org.springframework.boot.autoconfigure.orm.jpa.JpaBaseConfiguration$JpaWebConfiguration$JpaWebMvcConfiguration.openEntityManagerInViewInterceptor(JpaBaseConfiguration.java:235) - spring.jpa.open-in-view is enabled by default. Therefore, database queries may be performed during view rendering. Explicitly configure spring.jpa.open-in-view to disable this warning
[17:37:38:016] [WARN] - org.thymeleaf.templatemode.TemplateMode.parse(TemplateMode.java:150) - [THYMELEAF][main] Template Mode 'HTML5' is deprecated. Using Template Mode 'HTML' instead.
[17:37:38:447] [WARN] - org.springframework.boot.autoconfigure.orm.jpa.JpaBaseConfiguration$JpaWebConfiguration$JpaWebMvcConfiguration.openEntityManagerInViewInterceptor(JpaBaseConfiguration.java:235) - spring.jpa.open-in-view is enabled by default. Therefore, database queries may be performed during view rendering. Explicitly configure spring.jpa.open-in-view to disable this warning
[17:38:37:434] [WARN] - org.thymeleaf.templatemode.TemplateMode.parse(TemplateMode.java:150) - [THYMELEAF][main] Template Mode 'HTML5' is deprecated. Using Template Mode 'HTML' instead.
[17:38:37:845] [WARN] - org.springframework.boot.autoconfigure.orm.jpa.JpaBaseConfiguration$JpaWebConfiguration$JpaWebMvcConfiguration.openEntityManagerInViewInterceptor(JpaBaseConfiguration.java:235) - spring.jpa.open-in-view is enabled by default. Therefore, database queries may be performed during view rendering. Explicitly configure spring.jpa.open-in-view to disable this warning
[17:40:40:613] [WARN] - org.thymeleaf.templatemode.TemplateMode.parse(TemplateMode.java:150) - [THYMELEAF][main] Template Mode 'HTML5' is deprecated. Using Template Mode 'HTML' instead.
[17:40:41:043] [WARN] - org.springframework.boot.autoconfigure.orm.jpa.JpaBaseConfiguration$JpaWebConfiguration$JpaWebMvcConfiguration.openEntityManagerInViewInterceptor(JpaBaseConfiguration.java:235) - spring.jpa.open-in-view is enabled by default. Therefore, database queries may be performed during view rendering. Explicitly configure spring.jpa.open-in-view to disable this warning
[17:41:08:331] [WARN] - org.thymeleaf.templatemode.TemplateMode.parse(TemplateMode.java:150) - [THYMELEAF][main] Template Mode 'HTML5' is deprecated. Using Template Mode 'HTML' instead.
[17:41:08:758] [WARN] - org.springframework.boot.autoconfigure.orm.jpa.JpaBaseConfiguration$JpaWebConfiguration$JpaWebMvcConfiguration.openEntityManagerInViewInterceptor(JpaBaseConfiguration.java:235) - spring.jpa.open-in-view is enabled by default. Therefore, database queries may be performed during view rendering. Explicitly configure spring.jpa.open-in-view to disable this warning
[17:43:30:562] [WARN] - org.thymeleaf.templatemode.TemplateMode.parse(TemplateMode.java:150) - [THYMELEAF][main] Template Mode 'HTML5' is deprecated. Using Template Mode 'HTML' instead.
[17:43:30:978] [WARN] - org.springframework.boot.autoconfigure.orm.jpa.JpaBaseConfiguration$JpaWebConfiguration$JpaWebMvcConfiguration.openEntityManagerInViewInterceptor(JpaBaseConfiguration.java:235) - spring.jpa.open-in-view is enabled by default. Therefore, database queries may be performed during view rendering. Explicitly configure spring.jpa.open-in-view to disable this warning
[17:44:26:020] [WARN] - org.thymeleaf.templatemode.TemplateMode.parse(TemplateMode.java:150) - [THYMELEAF][main] Template Mode 'HTML5' is deprecated. Using Template Mode 'HTML' instead.
[17:44:26:455] [WARN] - org.springframework.boot.autoconfigure.orm.jpa.JpaBaseConfiguration$JpaWebConfiguration$JpaWebMvcConfiguration.openEntityManagerInViewInterceptor(JpaBaseConfiguration.java:235) - spring.jpa.open-in-view is enabled by default. Therefore, database queries may be performed during view rendering. Explicitly configure spring.jpa.open-in-view to disable this warning
[17:49:18:870] [WARN] - org.thymeleaf.templatemode.TemplateMode.parse(TemplateMode.java:150) - [THYMELEAF][main] Template Mode 'HTML5' is deprecated. Using Template Mode 'HTML' instead.
[17:49:19:278] [WARN] - org.springframework.boot.autoconfigure.orm.jpa.JpaBaseConfiguration$JpaWebConfiguration$JpaWebMvcConfiguration.openEntityManagerInViewInterceptor(JpaBaseConfiguration.java:235) - spring.jpa.open-in-view is enabled by default. Therefore, database queries may be performed during view rendering. Explicitly configure spring.jpa.open-in-view to disable this warning
[19:16:07:010] [WARN] - org.thymeleaf.templatemode.TemplateMode.parse(TemplateMode.java:150) - [THYMELEAF][main] Template Mode 'HTML5' is deprecated. Using Template Mode 'HTML' instead.
[19:16:07:462] [WARN] - org.springframework.boot.autoconfigure.orm.jpa.JpaBaseConfiguration$JpaWebConfiguration$JpaWebMvcConfiguration.openEntityManagerInViewInterceptor(JpaBaseConfiguration.java:235) - spring.jpa.open-in-view is enabled by default. Therefore, database queries may be performed during view rendering. Explicitly configure spring.jpa.open-in-view to disable this warning
[19:20:45:774] [WARN] - org.thymeleaf.templatemode.TemplateMode.parse(TemplateMode.java:150) - [THYMELEAF][main] Template Mode 'HTML5' is deprecated. Using Template Mode 'HTML' instead.
[19:20:46:191] [WARN] - org.springframework.boot.autoconfigure.orm.jpa.JpaBaseConfiguration$JpaWebConfiguration$JpaWebMvcConfiguration.openEntityManagerInViewInterceptor(JpaBaseConfiguration.java:235) - spring.jpa.open-in-view is enabled by default. Therefore, database queries may be performed during view rendering. Explicitly configure spring.jpa.open-in-view to disable this warning
[20:30:45:005] [WARN] - org.thymeleaf.templatemode.TemplateMode.parse(TemplateMode.java:150) - [THYMELEAF][main] Template Mode 'HTML5' is deprecated. Using Template Mode 'HTML' instead.
[20:30:45:427] [WARN] - org.springframework.boot.autoconfigure.orm.jpa.JpaBaseConfiguration$JpaWebConfiguration$JpaWebMvcConfiguration.openEntityManagerInViewInterceptor(JpaBaseConfiguration.java:235) - spring.jpa.open-in-view is enabled by default. Therefore, database queries may be performed during view rendering. Explicitly configure spring.jpa.open-in-view to disable this warning
[20:30:45:819] [WARN] - org.springframework.context.support.AbstractApplicationContext.refresh(AbstractApplicationContext.java:557) - Exception encountered during context initialization - cancelling refresh attempt: org.springframework.beans.factory.BeanCreationException: Error creating bean with name 'connectorServerFactoryBean' defined in class path resource [com/edoctor/conf/JmxServerConfig.class]: Invocation of init method failed; nested exception is java.io.IOException: Cannot bind to URL [rmi://localhost:1099/SpringWebWithBoot]: javax.naming.NameAlreadyBoundException: SpringWebWithBoot [Root exception is java.rmi.AlreadyBoundException: SpringWebWithBoot]
[20:31:39:283] [WARN] - org.thymeleaf.templatemode.TemplateMode.parse(TemplateMode.java:150) - [THYMELEAF][main] Template Mode 'HTML5' is deprecated. Using Template Mode 'HTML' instead.
[20:31:39:688] [WARN] - org.springframework.boot.autoconfigure.orm.jpa.JpaBaseConfiguration$JpaWebConfiguration$JpaWebMvcConfiguration.openEntityManagerInViewInterceptor(JpaBaseConfiguration.java:235) - spring.jpa.open-in-view is enabled by default. Therefore, database queries may be performed during view rendering. Explicitly configure spring.jpa.open-in-view to disable this warning
[20:31:40:077] [WARN] - org.springframework.context.support.AbstractApplicationContext.refresh(AbstractApplicationContext.java:557) - Exception encountered during context initialization - cancelling refresh attempt: org.springframework.beans.factory.BeanCreationException: Error creating bean with name 'connectorServerFactoryBean' defined in class path resource [com/edoctor/conf/JmxServerConfig.class]: Invocation of init method failed; nested exception is java.io.IOException: Cannot bind to URL [rmi://localhost:1099/SpringWebWithBoot]: javax.naming.NameAlreadyBoundException: SpringWebWithBoot [Root exception is java.rmi.AlreadyBoundException: SpringWebWithBoot]
[20:32:08:436] [WARN] - org.thymeleaf.templatemode.TemplateMode.parse(TemplateMode.java:150) - [THYMELEAF][main] Template Mode 'HTML5' is deprecated. Using Template Mode 'HTML' instead.
[20:32:08:827] [WARN] - org.springframework.boot.autoconfigure.orm.jpa.JpaBaseConfiguration$JpaWebConfiguration$JpaWebMvcConfiguration.openEntityManagerInViewInterceptor(JpaBaseConfiguration.java:235) - spring.jpa.open-in-view is enabled by default. Therefore, database queries may be performed during view rendering. Explicitly configure spring.jpa.open-in-view to disable this warning
[20:36:26:637] [WARN] - org.thymeleaf.templatemode.TemplateMode.parse(TemplateMode.java:150) - [THYMELEAF][main] Template Mode 'HTML5' is deprecated. Using Template Mode 'HTML' instead.
[20:36:27:054] [WARN] - org.springframework.boot.autoconfigure.orm.jpa.JpaBaseConfiguration$JpaWebConfiguration$JpaWebMvcConfiguration.openEntityManagerInViewInterceptor(JpaBaseConfiguration.java:235) - spring.jpa.open-in-view is enabled by default. Therefore, database queries may be performed during view rendering. Explicitly configure spring.jpa.open-in-view to disable this warning
[20:50:39:741] [WARN] - org.thymeleaf.templatemode.TemplateMode.parse(TemplateMode.java:150) - [THYMELEAF][main] Template Mode 'HTML5' is deprecated. Using Template Mode 'HTML' instead.
[20:50:40:199] [WARN] - org.springframework.boot.autoconfigure.orm.jpa.JpaBaseConfiguration$JpaWebConfiguration$JpaWebMvcConfiguration.openEntityManagerInViewInterceptor(JpaBaseConfiguration.java:235) - spring.jpa.open-in-view is enabled by default. Therefore, database queries may be performed during view rendering. Explicitly configure spring.jpa.open-in-view to disable this warning
[20:50:43:484] [WARN] - org.springframework.context.support.AbstractApplicationContext.refresh(AbstractApplicationContext.java:557) - Exception encountered during context initialization - cancelling refresh attempt: org.springframework.beans.factory.UnsatisfiedDependencyException: Error creating bean with name 'jmsListenerContainerFactory' defined in class path resource [org/springframework/boot/autoconfigure/jms/JmsAnnotationDrivenConfiguration.class]: Unsatisfied dependency expressed through method 'jmsListenerContainerFactory' parameter 1; nested exception is org.springframework.beans.factory.NoUniqueBeanDefinitionException: No qualifying bean of type 'javax.jms.ConnectionFactory' available: expected single matching bean but found 2: getAMQFactory,pooledConnectionFactory
[20:52:19:012] [WARN] - org.thymeleaf.templatemode.TemplateMode.parse(TemplateMode.java:150) - [THYMELEAF][main] Template Mode 'HTML5' is deprecated. Using Template Mode 'HTML' instead.
[20:52:19:449] [WARN] - org.springframework.boot.autoconfigure.orm.jpa.JpaBaseConfiguration$JpaWebConfiguration$JpaWebMvcConfiguration.openEntityManagerInViewInterceptor(JpaBaseConfiguration.java:235) - spring.jpa.open-in-view is enabled by default. Therefore, database queries may be performed during view rendering. Explicitly configure spring.jpa.open-in-view to disable this warning
[20:54:25:399] [WARN] - org.thymeleaf.templatemode.TemplateMode.parse(TemplateMode.java:150) - [THYMELEAF][main] Template Mode 'HTML5' is deprecated. Using Template Mode 'HTML' instead.
[20:54:25:852] [WARN] - org.springframework.boot.autoconfigure.orm.jpa.JpaBaseConfiguration$JpaWebConfiguration$JpaWebMvcConfiguration.openEntityManagerInViewInterceptor(JpaBaseConfiguration.java:235) - spring.jpa.open-in-view is enabled by default. Therefore, database queries may be performed during view rendering. Explicitly configure spring.jpa.open-in-view to disable this warning
[21:08:50:612] [WARN] - org.springframework.boot.autoconfigure.orm.jpa.JpaBaseConfiguration$JpaWebConfiguration$JpaWebMvcConfiguration.openEntityManagerInViewInterceptor(JpaBaseConfiguration.java:235) - spring.jpa.open-in-view is enabled by default. Therefore, database queries may be performed during view rendering. Explicitly configure spring.jpa.open-in-view to disable this warning
[21:27:47:664] [WARN] - org.springframework.jms.listener.AbstractMessageListenerContainer.invokeErrorHandler(AbstractMessageListenerContainer.java:937) - Execution of JMS message listener failed, and no ErrorHandler has been set.
org.springframework.jms.listener.adapter.ListenerExecutionFailedException: Failed to invoke target method 'printStringValue' with arguments {{"id":null,"employee_id":1221431,"name":"郭冬雨是大帅哥123","company_name":null,"area_name":"天津滨江道","phone_number":"17822000706","password":null,"api_key":null,"imei":null}}; nested exception is java.lang.NoSuchMethodException: java.lang.Class.printStringValue(java.lang.String)
	at org.springframework.jms.listener.adapter.MessageListenerAdapter.invokeListenerMethod(MessageListenerAdapter.java:308) ~[spring-jms-5.0.4.RELEASE.jar:5.0.4.RELEASE]
	at org.springframework.jms.listener.adapter.MessageListenerAdapter.onMessage(MessageListenerAdapter.java:222) ~[spring-jms-5.0.4.RELEASE.jar:5.0.4.RELEASE]
	at org.springframework.jms.listener.AbstractMessageListenerContainer.doInvokeListener(AbstractMessageListenerContainer.java:744) ~[spring-jms-5.0.4.RELEASE.jar:5.0.4.RELEASE]
	at org.springframework.jms.listener.AbstractMessageListenerContainer.invokeListener(AbstractMessageListenerContainer.java:704) [spring-jms-5.0.4.RELEASE.jar:5.0.4.RELEASE]
	at org.springframework.jms.listener.AbstractMessageListenerContainer.doExecuteListener(AbstractMessageListenerContainer.java:674) [spring-jms-5.0.4.RELEASE.jar:5.0.4.RELEASE]
	at org.springframework.jms.listener.AbstractPollingMessageListenerContainer.doReceiveAndExecute(AbstractPollingMessageListenerContainer.java:318) [spring-jms-5.0.4.RELEASE.jar:5.0.4.RELEASE]
	at org.springframework.jms.listener.AbstractPollingMessageListenerContainer.receiveAndExecute(AbstractPollingMessageListenerContainer.java:257) [spring-jms-5.0.4.RELEASE.jar:5.0.4.RELEASE]
	at org.springframework.jms.listener.DefaultMessageListenerContainer$AsyncMessageListenerInvoker.invokeListener(DefaultMessageListenerContainer.java:1173) [spring-jms-5.0.4.RELEASE.jar:5.0.4.RELEASE]
	at org.springframework.jms.listener.DefaultMessageListenerContainer$AsyncMessageListenerInvoker.executeOngoingLoop(DefaultMessageListenerContainer.java:1165) [spring-jms-5.0.4.RELEASE.jar:5.0.4.RELEASE]
	at org.springframework.jms.listener.DefaultMessageListenerContainer$AsyncMessageListenerInvoker.run(DefaultMessageListenerContainer.java:1062) [spring-jms-5.0.4.RELEASE.jar:5.0.4.RELEASE]
	at java.lang.Thread.run(Thread.java:745) [?:1.8.0_121]
Caused by: java.lang.NoSuchMethodException: java.lang.Class.printStringValue(java.lang.String)
	at java.lang.Class.getMethod(Class.java:1786) ~[?:1.8.0_121]
	at org.springframework.util.MethodInvoker.prepare(MethodInvoker.java:181) ~[spring-core-5.0.4.RELEASE.jar:5.0.4.RELEASE]
	at org.springframework.jms.listener.adapter.MessageListenerAdapter.invokeListenerMethod(MessageListenerAdapter.java:293) ~[spring-jms-5.0.4.RELEASE.jar:5.0.4.RELEASE]
	... 10 more
[21:27:48:697] [WARN] - org.springframework.jms.listener.AbstractMessageListenerContainer.invokeErrorHandler(AbstractMessageListenerContainer.java:937) - Execution of JMS message listener failed, and no ErrorHandler has been set.
org.springframework.jms.listener.adapter.ListenerExecutionFailedException: Failed to invoke target method 'printStringValue' with arguments {{"id":null,"employee_id":1221431,"name":"郭冬雨是大帅哥123","company_name":null,"area_name":"天津滨江道","phone_number":"17822000706","password":null,"api_key":null,"imei":null}}; nested exception is java.lang.NoSuchMethodException: java.lang.Class.printStringValue(java.lang.String)
	at org.springframework.jms.listener.adapter.MessageListenerAdapter.invokeListenerMethod(MessageListenerAdapter.java:308) ~[spring-jms-5.0.4.RELEASE.jar:5.0.4.RELEASE]
	at org.springframework.jms.listener.adapter.MessageListenerAdapter.onMessage(MessageListenerAdapter.java:222) ~[spring-jms-5.0.4.RELEASE.jar:5.0.4.RELEASE]
	at org.springframework.jms.listener.AbstractMessageListenerContainer.doInvokeListener(AbstractMessageListenerContainer.java:744) ~[spring-jms-5.0.4.RELEASE.jar:5.0.4.RELEASE]
	at org.springframework.jms.listener.AbstractMessageListenerContainer.invokeListener(AbstractMessageListenerContainer.java:704) [spring-jms-5.0.4.RELEASE.jar:5.0.4.RELEASE]
	at org.springframework.jms.listener.AbstractMessageListenerContainer.doExecuteListener(AbstractMessageListenerContainer.java:674) [spring-jms-5.0.4.RELEASE.jar:5.0.4.RELEASE]
	at org.springframework.jms.listener.AbstractPollingMessageListenerContainer.doReceiveAndExecute(AbstractPollingMessageListenerContainer.java:318) [spring-jms-5.0.4.RELEASE.jar:5.0.4.RELEASE]
	at org.springframework.jms.listener.AbstractPollingMessageListenerContainer.receiveAndExecute(AbstractPollingMessageListenerContainer.java:257) [spring-jms-5.0.4.RELEASE.jar:5.0.4.RELEASE]
	at org.springframework.jms.listener.DefaultMessageListenerContainer$AsyncMessageListenerInvoker.invokeListener(DefaultMessageListenerContainer.java:1173) [spring-jms-5.0.4.RELEASE.jar:5.0.4.RELEASE]
	at org.springframework.jms.listener.DefaultMessageListenerContainer$AsyncMessageListenerInvoker.executeOngoingLoop(DefaultMessageListenerContainer.java:1165) [spring-jms-5.0.4.RELEASE.jar:5.0.4.RELEASE]
	at org.springframework.jms.listener.DefaultMessageListenerContainer$AsyncMessageListenerInvoker.run(DefaultMessageListenerContainer.java:1062) [spring-jms-5.0.4.RELEASE.jar:5.0.4.RELEASE]
	at java.lang.Thread.run(Thread.java:745) [?:1.8.0_121]
Caused by: java.lang.NoSuchMethodException: java.lang.Class.printStringValue(java.lang.String)
	at java.lang.Class.getMethod(Class.java:1786) ~[?:1.8.0_121]
	at org.springframework.util.MethodInvoker.prepare(MethodInvoker.java:181) ~[spring-core-5.0.4.RELEASE.jar:5.0.4.RELEASE]
	at org.springframework.jms.listener.adapter.MessageListenerAdapter.invokeListenerMethod(MessageListenerAdapter.java:293) ~[spring-jms-5.0.4.RELEASE.jar:5.0.4.RELEASE]
	... 10 more
[21:27:49:729] [WARN] - org.springframework.jms.listener.AbstractMessageListenerContainer.invokeErrorHandler(AbstractMessageListenerContainer.java:937) - Execution of JMS message listener failed, and no ErrorHandler has been set.
org.springframework.jms.listener.adapter.ListenerExecutionFailedException: Failed to invoke target method 'printStringValue' with arguments {{"id":null,"employee_id":1221431,"name":"郭冬雨是大帅哥123","company_name":null,"area_name":"天津滨江道","phone_number":"17822000706","password":null,"api_key":null,"imei":null}}; nested exception is java.lang.NoSuchMethodException: java.lang.Class.printStringValue(java.lang.String)
	at org.springframework.jms.listener.adapter.MessageListenerAdapter.invokeListenerMethod(MessageListenerAdapter.java:308) ~[spring-jms-5.0.4.RELEASE.jar:5.0.4.RELEASE]
	at org.springframework.jms.listener.adapter.MessageListenerAdapter.onMessage(MessageListenerAdapter.java:222) ~[spring-jms-5.0.4.RELEASE.jar:5.0.4.RELEASE]
	at org.springframework.jms.listener.AbstractMessageListenerContainer.doInvokeListener(AbstractMessageListenerContainer.java:744) ~[spring-jms-5.0.4.RELEASE.jar:5.0.4.RELEASE]
	at org.springframework.jms.listener.AbstractMessageListenerContainer.invokeListener(AbstractMessageListenerContainer.java:704) [spring-jms-5.0.4.RELEASE.jar:5.0.4.RELEASE]
	at org.springframework.jms.listener.AbstractMessageListenerContainer.doExecuteListener(AbstractMessageListenerContainer.java:674) [spring-jms-5.0.4.RELEASE.jar:5.0.4.RELEASE]
	at org.springframework.jms.listener.AbstractPollingMessageListenerContainer.doReceiveAndExecute(AbstractPollingMessageListenerContainer.java:318) [spring-jms-5.0.4.RELEASE.jar:5.0.4.RELEASE]
	at org.springframework.jms.listener.AbstractPollingMessageListenerContainer.receiveAndExecute(AbstractPollingMessageListenerContainer.java:257) [spring-jms-5.0.4.RELEASE.jar:5.0.4.RELEASE]
	at org.springframework.jms.listener.DefaultMessageListenerContainer$AsyncMessageListenerInvoker.invokeListener(DefaultMessageListenerContainer.java:1173) [spring-jms-5.0.4.RELEASE.jar:5.0.4.RELEASE]
	at org.springframework.jms.listener.DefaultMessageListenerContainer$AsyncMessageListenerInvoker.executeOngoingLoop(DefaultMessageListenerContainer.java:1165) [spring-jms-5.0.4.RELEASE.jar:5.0.4.RELEASE]
	at org.springframework.jms.listener.DefaultMessageListenerContainer$AsyncMessageListenerInvoker.run(DefaultMessageListenerContainer.java:1062) [spring-jms-5.0.4.RELEASE.jar:5.0.4.RELEASE]
	at java.lang.Thread.run(Thread.java:745) [?:1.8.0_121]
Caused by: java.lang.NoSuchMethodException: java.lang.Class.printStringValue(java.lang.String)
	at java.lang.Class.getMethod(Class.java:1786) ~[?:1.8.0_121]
	at org.springframework.util.MethodInvoker.prepare(MethodInvoker.java:181) ~[spring-core-5.0.4.RELEASE.jar:5.0.4.RELEASE]
	at org.springframework.jms.listener.adapter.MessageListenerAdapter.invokeListenerMethod(MessageListenerAdapter.java:293) ~[spring-jms-5.0.4.RELEASE.jar:5.0.4.RELEASE]
	... 10 more
[21:27:50:764] [WARN] - org.springframework.jms.listener.AbstractMessageListenerContainer.invokeErrorHandler(AbstractMessageListenerContainer.java:937) - Execution of JMS message listener failed, and no ErrorHandler has been set.
org.springframework.jms.listener.adapter.ListenerExecutionFailedException: Failed to invoke target method 'printStringValue' with arguments {{"id":null,"employee_id":1221431,"name":"郭冬雨是大帅哥123","company_name":null,"area_name":"天津滨江道","phone_number":"17822000706","password":null,"api_key":null,"imei":null}}; nested exception is java.lang.NoSuchMethodException: java.lang.Class.printStringValue(java.lang.String)
	at org.springframework.jms.listener.adapter.MessageListenerAdapter.invokeListenerMethod(MessageListenerAdapter.java:308) ~[spring-jms-5.0.4.RELEASE.jar:5.0.4.RELEASE]
	at org.springframework.jms.listener.adapter.MessageListenerAdapter.onMessage(MessageListenerAdapter.java:222) ~[spring-jms-5.0.4.RELEASE.jar:5.0.4.RELEASE]
	at org.springframework.jms.listener.AbstractMessageListenerContainer.doInvokeListener(AbstractMessageListenerContainer.java:744) ~[spring-jms-5.0.4.RELEASE.jar:5.0.4.RELEASE]
	at org.springframework.jms.listener.AbstractMessageListenerContainer.invokeListener(AbstractMessageListenerContainer.java:704) [spring-jms-5.0.4.RELEASE.jar:5.0.4.RELEASE]
	at org.springframework.jms.listener.AbstractMessageListenerContainer.doExecuteListener(AbstractMessageListenerContainer.java:674) [spring-jms-5.0.4.RELEASE.jar:5.0.4.RELEASE]
	at org.springframework.jms.listener.AbstractPollingMessageListenerContainer.doReceiveAndExecute(AbstractPollingMessageListenerContainer.java:318) [spring-jms-5.0.4.RELEASE.jar:5.0.4.RELEASE]
	at org.springframework.jms.listener.AbstractPollingMessageListenerContainer.receiveAndExecute(AbstractPollingMessageListenerContainer.java:257) [spring-jms-5.0.4.RELEASE.jar:5.0.4.RELEASE]
	at org.springframework.jms.listener.DefaultMessageListenerContainer$AsyncMessageListenerInvoker.invokeListener(DefaultMessageListenerContainer.java:1173) [spring-jms-5.0.4.RELEASE.jar:5.0.4.RELEASE]
	at org.springframework.jms.listener.DefaultMessageListenerContainer$AsyncMessageListenerInvoker.executeOngoingLoop(DefaultMessageListenerContainer.java:1165) [spring-jms-5.0.4.RELEASE.jar:5.0.4.RELEASE]
	at org.springframework.jms.listener.DefaultMessageListenerContainer$AsyncMessageListenerInvoker.run(DefaultMessageListenerContainer.java:1062) [spring-jms-5.0.4.RELEASE.jar:5.0.4.RELEASE]
	at java.lang.Thread.run(Thread.java:745) [?:1.8.0_121]
Caused by: java.lang.NoSuchMethodException: java.lang.Class.printStringValue(java.lang.String)
	at java.lang.Class.getMethod(Class.java:1786) ~[?:1.8.0_121]
	at org.springframework.util.MethodInvoker.prepare(MethodInvoker.java:181) ~[spring-core-5.0.4.RELEASE.jar:5.0.4.RELEASE]
	at org.springframework.jms.listener.adapter.MessageListenerAdapter.invokeListenerMethod(MessageListenerAdapter.java:293) ~[spring-jms-5.0.4.RELEASE.jar:5.0.4.RELEASE]
	... 10 more
[21:27:51:800] [WARN] - org.springframework.jms.listener.AbstractMessageListenerContainer.invokeErrorHandler(AbstractMessageListenerContainer.java:937) - Execution of JMS message listener failed, and no ErrorHandler has been set.
org.springframework.jms.listener.adapter.ListenerExecutionFailedException: Failed to invoke target method 'printStringValue' with arguments {{"id":null,"employee_id":1221431,"name":"郭冬雨是大帅哥123","company_name":null,"area_name":"天津滨江道","phone_number":"17822000706","password":null,"api_key":null,"imei":null}}; nested exception is java.lang.NoSuchMethodException: java.lang.Class.printStringValue(java.lang.String)
	at org.springframework.jms.listener.adapter.MessageListenerAdapter.invokeListenerMethod(MessageListenerAdapter.java:308) ~[spring-jms-5.0.4.RELEASE.jar:5.0.4.RELEASE]
	at org.springframework.jms.listener.adapter.MessageListenerAdapter.onMessage(MessageListenerAdapter.java:222) ~[spring-jms-5.0.4.RELEASE.jar:5.0.4.RELEASE]
	at org.springframework.jms.listener.AbstractMessageListenerContainer.doInvokeListener(AbstractMessageListenerContainer.java:744) ~[spring-jms-5.0.4.RELEASE.jar:5.0.4.RELEASE]
	at org.springframework.jms.listener.AbstractMessageListenerContainer.invokeListener(AbstractMessageListenerContainer.java:704) [spring-jms-5.0.4.RELEASE.jar:5.0.4.RELEASE]
	at org.springframework.jms.listener.AbstractMessageListenerContainer.doExecuteListener(AbstractMessageListenerContainer.java:674) [spring-jms-5.0.4.RELEASE.jar:5.0.4.RELEASE]
	at org.springframework.jms.listener.AbstractPollingMessageListenerContainer.doReceiveAndExecute(AbstractPollingMessageListenerContainer.java:318) [spring-jms-5.0.4.RELEASE.jar:5.0.4.RELEASE]
	at org.springframework.jms.listener.AbstractPollingMessageListenerContainer.receiveAndExecute(AbstractPollingMessageListenerContainer.java:257) [spring-jms-5.0.4.RELEASE.jar:5.0.4.RELEASE]
	at org.springframework.jms.listener.DefaultMessageListenerContainer$AsyncMessageListenerInvoker.invokeListener(DefaultMessageListenerContainer.java:1173) [spring-jms-5.0.4.RELEASE.jar:5.0.4.RELEASE]
	at org.springframework.jms.listener.DefaultMessageListenerContainer$AsyncMessageListenerInvoker.executeOngoingLoop(DefaultMessageListenerContainer.java:1165) [spring-jms-5.0.4.RELEASE.jar:5.0.4.RELEASE]
	at org.springframework.jms.listener.DefaultMessageListenerContainer$AsyncMessageListenerInvoker.run(DefaultMessageListenerContainer.java:1062) [spring-jms-5.0.4.RELEASE.jar:5.0.4.RELEASE]
	at java.lang.Thread.run(Thread.java:745) [?:1.8.0_121]
Caused by: java.lang.NoSuchMethodException: java.lang.Class.printStringValue(java.lang.String)
	at java.lang.Class.getMethod(Class.java:1786) ~[?:1.8.0_121]
	at org.springframework.util.MethodInvoker.prepare(MethodInvoker.java:181) ~[spring-core-5.0.4.RELEASE.jar:5.0.4.RELEASE]
	at org.springframework.jms.listener.adapter.MessageListenerAdapter.invokeListenerMethod(MessageListenerAdapter.java:293) ~[spring-jms-5.0.4.RELEASE.jar:5.0.4.RELEASE]
	... 10 more
[21:27:52:833] [WARN] - org.springframework.jms.listener.AbstractMessageListenerContainer.invokeErrorHandler(AbstractMessageListenerContainer.java:937) - Execution of JMS message listener failed, and no ErrorHandler has been set.
org.springframework.jms.listener.adapter.ListenerExecutionFailedException: Failed to invoke target method 'printStringValue' with arguments {{"id":null,"employee_id":1221431,"name":"郭冬雨是大帅哥123","company_name":null,"area_name":"天津滨江道","phone_number":"17822000706","password":null,"api_key":null,"imei":null}}; nested exception is java.lang.NoSuchMethodException: java.lang.Class.printStringValue(java.lang.String)
	at org.springframework.jms.listener.adapter.MessageListenerAdapter.invokeListenerMethod(MessageListenerAdapter.java:308) ~[spring-jms-5.0.4.RELEASE.jar:5.0.4.RELEASE]
	at org.springframework.jms.listener.adapter.MessageListenerAdapter.onMessage(MessageListenerAdapter.java:222) ~[spring-jms-5.0.4.RELEASE.jar:5.0.4.RELEASE]
	at org.springframework.jms.listener.AbstractMessageListenerContainer.doInvokeListener(AbstractMessageListenerContainer.java:744) ~[spring-jms-5.0.4.RELEASE.jar:5.0.4.RELEASE]
	at org.springframework.jms.listener.AbstractMessageListenerContainer.invokeListener(AbstractMessageListenerContainer.java:704) [spring-jms-5.0.4.RELEASE.jar:5.0.4.RELEASE]
	at org.springframework.jms.listener.AbstractMessageListenerContainer.doExecuteListener(AbstractMessageListenerContainer.java:674) [spring-jms-5.0.4.RELEASE.jar:5.0.4.RELEASE]
	at org.springframework.jms.listener.AbstractPollingMessageListenerContainer.doReceiveAndExecute(AbstractPollingMessageListenerContainer.java:318) [spring-jms-5.0.4.RELEASE.jar:5.0.4.RELEASE]
	at org.springframework.jms.listener.AbstractPollingMessageListenerContainer.receiveAndExecute(AbstractPollingMessageListenerContainer.java:257) [spring-jms-5.0.4.RELEASE.jar:5.0.4.RELEASE]
	at org.springframework.jms.listener.DefaultMessageListenerContainer$AsyncMessageListenerInvoker.invokeListener(DefaultMessageListenerContainer.java:1173) [spring-jms-5.0.4.RELEASE.jar:5.0.4.RELEASE]
	at org.springframework.jms.listener.DefaultMessageListenerContainer$AsyncMessageListenerInvoker.executeOngoingLoop(DefaultMessageListenerContainer.java:1165) [spring-jms-5.0.4.RELEASE.jar:5.0.4.RELEASE]
	at org.springframework.jms.listener.DefaultMessageListenerContainer$AsyncMessageListenerInvoker.run(DefaultMessageListenerContainer.java:1062) [spring-jms-5.0.4.RELEASE.jar:5.0.4.RELEASE]
	at java.lang.Thread.run(Thread.java:745) [?:1.8.0_121]
Caused by: java.lang.NoSuchMethodException: java.lang.Class.printStringValue(java.lang.String)
	at java.lang.Class.getMethod(Class.java:1786) ~[?:1.8.0_121]
	at org.springframework.util.MethodInvoker.prepare(MethodInvoker.java:181) ~[spring-core-5.0.4.RELEASE.jar:5.0.4.RELEASE]
	at org.springframework.jms.listener.adapter.MessageListenerAdapter.invokeListenerMethod(MessageListenerAdapter.java:293) ~[spring-jms-5.0.4.RELEASE.jar:5.0.4.RELEASE]
	... 10 more
[21:27:53:869] [WARN] - org.springframework.jms.listener.AbstractMessageListenerContainer.invokeErrorHandler(AbstractMessageListenerContainer.java:937) - Execution of JMS message listener failed, and no ErrorHandler has been set.
org.springframework.jms.listener.adapter.ListenerExecutionFailedException: Failed to invoke target method 'printStringValue' with arguments {{"id":null,"employee_id":1221431,"name":"郭冬雨是大帅哥123","company_name":null,"area_name":"天津滨江道","phone_number":"17822000706","password":null,"api_key":null,"imei":null}}; nested exception is java.lang.NoSuchMethodException: java.lang.Class.printStringValue(java.lang.String)
	at org.springframework.jms.listener.adapter.MessageListenerAdapter.invokeListenerMethod(MessageListenerAdapter.java:308) ~[spring-jms-5.0.4.RELEASE.jar:5.0.4.RELEASE]
	at org.springframework.jms.listener.adapter.MessageListenerAdapter.onMessage(MessageListenerAdapter.java:222) ~[spring-jms-5.0.4.RELEASE.jar:5.0.4.RELEASE]
	at org.springframework.jms.listener.AbstractMessageListenerContainer.doInvokeListener(AbstractMessageListenerContainer.java:744) ~[spring-jms-5.0.4.RELEASE.jar:5.0.4.RELEASE]
	at org.springframework.jms.listener.AbstractMessageListenerContainer.invokeListener(AbstractMessageListenerContainer.java:704) [spring-jms-5.0.4.RELEASE.jar:5.0.4.RELEASE]
	at org.springframework.jms.listener.AbstractMessageListenerContainer.doExecuteListener(AbstractMessageListenerContainer.java:674) [spring-jms-5.0.4.RELEASE.jar:5.0.4.RELEASE]
	at org.springframework.jms.listener.AbstractPollingMessageListenerContainer.doReceiveAndExecute(AbstractPollingMessageListenerContainer.java:318) [spring-jms-5.0.4.RELEASE.jar:5.0.4.RELEASE]
	at org.springframework.jms.listener.AbstractPollingMessageListenerContainer.receiveAndExecute(AbstractPollingMessageListenerContainer.java:257) [spring-jms-5.0.4.RELEASE.jar:5.0.4.RELEASE]
	at org.springframework.jms.listener.DefaultMessageListenerContainer$AsyncMessageListenerInvoker.invokeListener(DefaultMessageListenerContainer.java:1173) [spring-jms-5.0.4.RELEASE.jar:5.0.4.RELEASE]
	at org.springframework.jms.listener.DefaultMessageListenerContainer$AsyncMessageListenerInvoker.executeOngoingLoop(DefaultMessageListenerContainer.java:1165) [spring-jms-5.0.4.RELEASE.jar:5.0.4.RELEASE]
	at org.springframework.jms.listener.DefaultMessageListenerContainer$AsyncMessageListenerInvoker.run(DefaultMessageListenerContainer.java:1062) [spring-jms-5.0.4.RELEASE.jar:5.0.4.RELEASE]
	at java.lang.Thread.run(Thread.java:745) [?:1.8.0_121]
Caused by: java.lang.NoSuchMethodException: java.lang.Class.printStringValue(java.lang.String)
	at java.lang.Class.getMethod(Class.java:1786) ~[?:1.8.0_121]
	at org.springframework.util.MethodInvoker.prepare(MethodInvoker.java:181) ~[spring-core-5.0.4.RELEASE.jar:5.0.4.RELEASE]
	at org.springframework.jms.listener.adapter.MessageListenerAdapter.invokeListenerMethod(MessageListenerAdapter.java:293) ~[spring-jms-5.0.4.RELEASE.jar:5.0.4.RELEASE]
	... 10 more
[22:02:45:508] [WARN] - org.springframework.jms.listener.AbstractMessageListenerContainer.invokeErrorHandler(AbstractMessageListenerContainer.java:937) - Execution of JMS message listener failed, and no ErrorHandler has been set.
org.springframework.jms.listener.adapter.ListenerExecutionFailedException: Failed to invoke target method 'printStringValue' with arguments {{"id":null,"employee_id":1221431,"name":"郭冬雨是大帅哥123","company_name":null,"area_name":"天津滨江道","phone_number":"17822000706","password":null,"api_key":null,"imei":null}}; nested exception is java.lang.NoSuchMethodException: java.lang.Class.printStringValue(java.lang.String)
	at org.springframework.jms.listener.adapter.MessageListenerAdapter.invokeListenerMethod(MessageListenerAdapter.java:308) ~[spring-jms-5.0.4.RELEASE.jar:5.0.4.RELEASE]
	at org.springframework.jms.listener.adapter.MessageListenerAdapter.onMessage(MessageListenerAdapter.java:222) ~[spring-jms-5.0.4.RELEASE.jar:5.0.4.RELEASE]
	at org.springframework.jms.listener.AbstractMessageListenerContainer.doInvokeListener(AbstractMessageListenerContainer.java:744) ~[spring-jms-5.0.4.RELEASE.jar:5.0.4.RELEASE]
	at org.springframework.jms.listener.AbstractMessageListenerContainer.invokeListener(AbstractMessageListenerContainer.java:704) [spring-jms-5.0.4.RELEASE.jar:5.0.4.RELEASE]
	at org.springframework.jms.listener.AbstractMessageListenerContainer.doExecuteListener(AbstractMessageListenerContainer.java:674) [spring-jms-5.0.4.RELEASE.jar:5.0.4.RELEASE]
	at org.springframework.jms.listener.AbstractPollingMessageListenerContainer.doReceiveAndExecute(AbstractPollingMessageListenerContainer.java:318) [spring-jms-5.0.4.RELEASE.jar:5.0.4.RELEASE]
	at org.springframework.jms.listener.AbstractPollingMessageListenerContainer.receiveAndExecute(AbstractPollingMessageListenerContainer.java:257) [spring-jms-5.0.4.RELEASE.jar:5.0.4.RELEASE]
	at org.springframework.jms.listener.DefaultMessageListenerContainer$AsyncMessageListenerInvoker.invokeListener(DefaultMessageListenerContainer.java:1173) [spring-jms-5.0.4.RELEASE.jar:5.0.4.RELEASE]
	at org.springframework.jms.listener.DefaultMessageListenerContainer$AsyncMessageListenerInvoker.executeOngoingLoop(DefaultMessageListenerContainer.java:1165) [spring-jms-5.0.4.RELEASE.jar:5.0.4.RELEASE]
	at org.springframework.jms.listener.DefaultMessageListenerContainer$AsyncMessageListenerInvoker.run(DefaultMessageListenerContainer.java:1062) [spring-jms-5.0.4.RELEASE.jar:5.0.4.RELEASE]
	at java.lang.Thread.run(Thread.java:745) [?:1.8.0_121]
Caused by: java.lang.NoSuchMethodException: java.lang.Class.printStringValue(java.lang.String)
	at java.lang.Class.getMethod(Class.java:1786) ~[?:1.8.0_121]
	at org.springframework.util.MethodInvoker.prepare(MethodInvoker.java:181) ~[spring-core-5.0.4.RELEASE.jar:5.0.4.RELEASE]
	at org.springframework.jms.listener.adapter.MessageListenerAdapter.invokeListenerMethod(MessageListenerAdapter.java:293) ~[spring-jms-5.0.4.RELEASE.jar:5.0.4.RELEASE]
	... 10 more
[22:02:46:540] [WARN] - org.springframework.jms.listener.AbstractMessageListenerContainer.invokeErrorHandler(AbstractMessageListenerContainer.java:937) - Execution of JMS message listener failed, and no ErrorHandler has been set.
org.springframework.jms.listener.adapter.ListenerExecutionFailedException: Failed to invoke target method 'printStringValue' with arguments {{"id":null,"employee_id":1221431,"name":"郭冬雨是大帅哥123","company_name":null,"area_name":"天津滨江道","phone_number":"17822000706","password":null,"api_key":null,"imei":null}}; nested exception is java.lang.NoSuchMethodException: java.lang.Class.printStringValue(java.lang.String)
	at org.springframework.jms.listener.adapter.MessageListenerAdapter.invokeListenerMethod(MessageListenerAdapter.java:308) ~[spring-jms-5.0.4.RELEASE.jar:5.0.4.RELEASE]
	at org.springframework.jms.listener.adapter.MessageListenerAdapter.onMessage(MessageListenerAdapter.java:222) ~[spring-jms-5.0.4.RELEASE.jar:5.0.4.RELEASE]
	at org.springframework.jms.listener.AbstractMessageListenerContainer.doInvokeListener(AbstractMessageListenerContainer.java:744) ~[spring-jms-5.0.4.RELEASE.jar:5.0.4.RELEASE]
	at org.springframework.jms.listener.AbstractMessageListenerContainer.invokeListener(AbstractMessageListenerContainer.java:704) [spring-jms-5.0.4.RELEASE.jar:5.0.4.RELEASE]
	at org.springframework.jms.listener.AbstractMessageListenerContainer.doExecuteListener(AbstractMessageListenerContainer.java:674) [spring-jms-5.0.4.RELEASE.jar:5.0.4.RELEASE]
	at org.springframework.jms.listener.AbstractPollingMessageListenerContainer.doReceiveAndExecute(AbstractPollingMessageListenerContainer.java:318) [spring-jms-5.0.4.RELEASE.jar:5.0.4.RELEASE]
	at org.springframework.jms.listener.AbstractPollingMessageListenerContainer.receiveAndExecute(AbstractPollingMessageListenerContainer.java:257) [spring-jms-5.0.4.RELEASE.jar:5.0.4.RELEASE]
	at org.springframework.jms.listener.DefaultMessageListenerContainer$AsyncMessageListenerInvoker.invokeListener(DefaultMessageListenerContainer.java:1173) [spring-jms-5.0.4.RELEASE.jar:5.0.4.RELEASE]
	at org.springframework.jms.listener.DefaultMessageListenerContainer$AsyncMessageListenerInvoker.executeOngoingLoop(DefaultMessageListenerContainer.java:1165) [spring-jms-5.0.4.RELEASE.jar:5.0.4.RELEASE]
	at org.springframework.jms.listener.DefaultMessageListenerContainer$AsyncMessageListenerInvoker.run(DefaultMessageListenerContainer.java:1062) [spring-jms-5.0.4.RELEASE.jar:5.0.4.RELEASE]
	at java.lang.Thread.run(Thread.java:745) [?:1.8.0_121]
Caused by: java.lang.NoSuchMethodException: java.lang.Class.printStringValue(java.lang.String)
	at java.lang.Class.getMethod(Class.java:1786) ~[?:1.8.0_121]
	at org.springframework.util.MethodInvoker.prepare(MethodInvoker.java:181) ~[spring-core-5.0.4.RELEASE.jar:5.0.4.RELEASE]
	at org.springframework.jms.listener.adapter.MessageListenerAdapter.invokeListenerMethod(MessageListenerAdapter.java:293) ~[spring-jms-5.0.4.RELEASE.jar:5.0.4.RELEASE]
	... 10 more
[22:02:47:572] [WARN] - org.springframework.jms.listener.AbstractMessageListenerContainer.invokeErrorHandler(AbstractMessageListenerContainer.java:937) - Execution of JMS message listener failed, and no ErrorHandler has been set.
org.springframework.jms.listener.adapter.ListenerExecutionFailedException: Failed to invoke target method 'printStringValue' with arguments {{"id":null,"employee_id":1221431,"name":"郭冬雨是大帅哥123","company_name":null,"area_name":"天津滨江道","phone_number":"17822000706","password":null,"api_key":null,"imei":null}}; nested exception is java.lang.NoSuchMethodException: java.lang.Class.printStringValue(java.lang.String)
	at org.springframework.jms.listener.adapter.MessageListenerAdapter.invokeListenerMethod(MessageListenerAdapter.java:308) ~[spring-jms-5.0.4.RELEASE.jar:5.0.4.RELEASE]
	at org.springframework.jms.listener.adapter.MessageListenerAdapter.onMessage(MessageListenerAdapter.java:222) ~[spring-jms-5.0.4.RELEASE.jar:5.0.4.RELEASE]
	at org.springframework.jms.listener.AbstractMessageListenerContainer.doInvokeListener(AbstractMessageListenerContainer.java:744) ~[spring-jms-5.0.4.RELEASE.jar:5.0.4.RELEASE]
	at org.springframework.jms.listener.AbstractMessageListenerContainer.invokeListener(AbstractMessageListenerContainer.java:704) [spring-jms-5.0.4.RELEASE.jar:5.0.4.RELEASE]
	at org.springframework.jms.listener.AbstractMessageListenerContainer.doExecuteListener(AbstractMessageListenerContainer.java:674) [spring-jms-5.0.4.RELEASE.jar:5.0.4.RELEASE]
	at org.springframework.jms.listener.AbstractPollingMessageListenerContainer.doReceiveAndExecute(AbstractPollingMessageListenerContainer.java:318) [spring-jms-5.0.4.RELEASE.jar:5.0.4.RELEASE]
	at org.springframework.jms.listener.AbstractPollingMessageListenerContainer.receiveAndExecute(AbstractPollingMessageListenerContainer.java:257) [spring-jms-5.0.4.RELEASE.jar:5.0.4.RELEASE]
	at org.springframework.jms.listener.DefaultMessageListenerContainer$AsyncMessageListenerInvoker.invokeListener(DefaultMessageListenerContainer.java:1173) [spring-jms-5.0.4.RELEASE.jar:5.0.4.RELEASE]
	at org.springframework.jms.listener.DefaultMessageListenerContainer$AsyncMessageListenerInvoker.executeOngoingLoop(DefaultMessageListenerContainer.java:1165) [spring-jms-5.0.4.RELEASE.jar:5.0.4.RELEASE]
	at org.springframework.jms.listener.DefaultMessageListenerContainer$AsyncMessageListenerInvoker.run(DefaultMessageListenerContainer.java:1062) [spring-jms-5.0.4.RELEASE.jar:5.0.4.RELEASE]
	at java.lang.Thread.run(Thread.java:745) [?:1.8.0_121]
Caused by: java.lang.NoSuchMethodException: java.lang.Class.printStringValue(java.lang.String)
	at java.lang.Class.getMethod(Class.java:1786) ~[?:1.8.0_121]
	at org.springframework.util.MethodInvoker.prepare(MethodInvoker.java:181) ~[spring-core-5.0.4.RELEASE.jar:5.0.4.RELEASE]
	at org.springframework.jms.listener.adapter.MessageListenerAdapter.invokeListenerMethod(MessageListenerAdapter.java:293) ~[spring-jms-5.0.4.RELEASE.jar:5.0.4.RELEASE]
	... 10 more
[22:02:48:606] [WARN] - org.springframework.jms.listener.AbstractMessageListenerContainer.invokeErrorHandler(AbstractMessageListenerContainer.java:937) - Execution of JMS message listener failed, and no ErrorHandler has been set.
org.springframework.jms.listener.adapter.ListenerExecutionFailedException: Failed to invoke target method 'printStringValue' with arguments {{"id":null,"employee_id":1221431,"name":"郭冬雨是大帅哥123","company_name":null,"area_name":"天津滨江道","phone_number":"17822000706","password":null,"api_key":null,"imei":null}}; nested exception is java.lang.NoSuchMethodException: java.lang.Class.printStringValue(java.lang.String)
	at org.springframework.jms.listener.adapter.MessageListenerAdapter.invokeListenerMethod(MessageListenerAdapter.java:308) ~[spring-jms-5.0.4.RELEASE.jar:5.0.4.RELEASE]
	at org.springframework.jms.listener.adapter.MessageListenerAdapter.onMessage(MessageListenerAdapter.java:222) ~[spring-jms-5.0.4.RELEASE.jar:5.0.4.RELEASE]
	at org.springframework.jms.listener.AbstractMessageListenerContainer.doInvokeListener(AbstractMessageListenerContainer.java:744) ~[spring-jms-5.0.4.RELEASE.jar:5.0.4.RELEASE]
	at org.springframework.jms.listener.AbstractMessageListenerContainer.invokeListener(AbstractMessageListenerContainer.java:704) [spring-jms-5.0.4.RELEASE.jar:5.0.4.RELEASE]
	at org.springframework.jms.listener.AbstractMessageListenerContainer.doExecuteListener(AbstractMessageListenerContainer.java:674) [spring-jms-5.0.4.RELEASE.jar:5.0.4.RELEASE]
	at org.springframework.jms.listener.AbstractPollingMessageListenerContainer.doReceiveAndExecute(AbstractPollingMessageListenerContainer.java:318) [spring-jms-5.0.4.RELEASE.jar:5.0.4.RELEASE]
	at org.springframework.jms.listener.AbstractPollingMessageListenerContainer.receiveAndExecute(AbstractPollingMessageListenerContainer.java:257) [spring-jms-5.0.4.RELEASE.jar:5.0.4.RELEASE]
	at org.springframework.jms.listener.DefaultMessageListenerContainer$AsyncMessageListenerInvoker.invokeListener(DefaultMessageListenerContainer.java:1173) [spring-jms-5.0.4.RELEASE.jar:5.0.4.RELEASE]
	at org.springframework.jms.listener.DefaultMessageListenerContainer$AsyncMessageListenerInvoker.executeOngoingLoop(DefaultMessageListenerContainer.java:1165) [spring-jms-5.0.4.RELEASE.jar:5.0.4.RELEASE]
	at org.springframework.jms.listener.DefaultMessageListenerContainer$AsyncMessageListenerInvoker.run(DefaultMessageListenerContainer.java:1062) [spring-jms-5.0.4.RELEASE.jar:5.0.4.RELEASE]
	at java.lang.Thread.run(Thread.java:745) [?:1.8.0_121]
Caused by: java.lang.NoSuchMethodException: java.lang.Class.printStringValue(java.lang.String)
	at java.lang.Class.getMethod(Class.java:1786) ~[?:1.8.0_121]
	at org.springframework.util.MethodInvoker.prepare(MethodInvoker.java:181) ~[spring-core-5.0.4.RELEASE.jar:5.0.4.RELEASE]
	at org.springframework.jms.listener.adapter.MessageListenerAdapter.invokeListenerMethod(MessageListenerAdapter.java:293) ~[spring-jms-5.0.4.RELEASE.jar:5.0.4.RELEASE]
	... 10 more
[22:02:49:649] [WARN] - org.springframework.jms.listener.AbstractMessageListenerContainer.invokeErrorHandler(AbstractMessageListenerContainer.java:937) - Execution of JMS message listener failed, and no ErrorHandler has been set.
org.springframework.jms.listener.adapter.ListenerExecutionFailedException: Failed to invoke target method 'printStringValue' with arguments {{"id":null,"employee_id":1221431,"name":"郭冬雨是大帅哥123","company_name":null,"area_name":"天津滨江道","phone_number":"17822000706","password":null,"api_key":null,"imei":null}}; nested exception is java.lang.NoSuchMethodException: java.lang.Class.printStringValue(java.lang.String)
	at org.springframework.jms.listener.adapter.MessageListenerAdapter.invokeListenerMethod(MessageListenerAdapter.java:308) ~[spring-jms-5.0.4.RELEASE.jar:5.0.4.RELEASE]
	at org.springframework.jms.listener.adapter.MessageListenerAdapter.onMessage(MessageListenerAdapter.java:222) ~[spring-jms-5.0.4.RELEASE.jar:5.0.4.RELEASE]
	at org.springframework.jms.listener.AbstractMessageListenerContainer.doInvokeListener(AbstractMessageListenerContainer.java:744) ~[spring-jms-5.0.4.RELEASE.jar:5.0.4.RELEASE]
	at org.springframework.jms.listener.AbstractMessageListenerContainer.invokeListener(AbstractMessageListenerContainer.java:704) [spring-jms-5.0.4.RELEASE.jar:5.0.4.RELEASE]
	at org.springframework.jms.listener.AbstractMessageListenerContainer.doExecuteListener(AbstractMessageListenerContainer.java:674) [spring-jms-5.0.4.RELEASE.jar:5.0.4.RELEASE]
	at org.springframework.jms.listener.AbstractPollingMessageListenerContainer.doReceiveAndExecute(AbstractPollingMessageListenerContainer.java:318) [spring-jms-5.0.4.RELEASE.jar:5.0.4.RELEASE]
	at org.springframework.jms.listener.AbstractPollingMessageListenerContainer.receiveAndExecute(AbstractPollingMessageListenerContainer.java:257) [spring-jms-5.0.4.RELEASE.jar:5.0.4.RELEASE]
	at org.springframework.jms.listener.DefaultMessageListenerContainer$AsyncMessageListenerInvoker.invokeListener(DefaultMessageListenerContainer.java:1173) [spring-jms-5.0.4.RELEASE.jar:5.0.4.RELEASE]
	at org.springframework.jms.listener.DefaultMessageListenerContainer$AsyncMessageListenerInvoker.executeOngoingLoop(DefaultMessageListenerContainer.java:1165) [spring-jms-5.0.4.RELEASE.jar:5.0.4.RELEASE]
	at org.springframework.jms.listener.DefaultMessageListenerContainer$AsyncMessageListenerInvoker.run(DefaultMessageListenerContainer.java:1062) [spring-jms-5.0.4.RELEASE.jar:5.0.4.RELEASE]
	at java.lang.Thread.run(Thread.java:745) [?:1.8.0_121]
Caused by: java.lang.NoSuchMethodException: java.lang.Class.printStringValue(java.lang.String)
	at java.lang.Class.getMethod(Class.java:1786) ~[?:1.8.0_121]
	at org.springframework.util.MethodInvoker.prepare(MethodInvoker.java:181) ~[spring-core-5.0.4.RELEASE.jar:5.0.4.RELEASE]
	at org.springframework.jms.listener.adapter.MessageListenerAdapter.invokeListenerMethod(MessageListenerAdapter.java:293) ~[spring-jms-5.0.4.RELEASE.jar:5.0.4.RELEASE]
	... 10 more
[22:02:50:683] [WARN] - org.springframework.jms.listener.AbstractMessageListenerContainer.invokeErrorHandler(AbstractMessageListenerContainer.java:937) - Execution of JMS message listener failed, and no ErrorHandler has been set.
org.springframework.jms.listener.adapter.ListenerExecutionFailedException: Failed to invoke target method 'printStringValue' with arguments {{"id":null,"employee_id":1221431,"name":"郭冬雨是大帅哥123","company_name":null,"area_name":"天津滨江道","phone_number":"17822000706","password":null,"api_key":null,"imei":null}}; nested exception is java.lang.NoSuchMethodException: java.lang.Class.printStringValue(java.lang.String)
	at org.springframework.jms.listener.adapter.MessageListenerAdapter.invokeListenerMethod(MessageListenerAdapter.java:308) ~[spring-jms-5.0.4.RELEASE.jar:5.0.4.RELEASE]
	at org.springframework.jms.listener.adapter.MessageListenerAdapter.onMessage(MessageListenerAdapter.java:222) ~[spring-jms-5.0.4.RELEASE.jar:5.0.4.RELEASE]
	at org.springframework.jms.listener.AbstractMessageListenerContainer.doInvokeListener(AbstractMessageListenerContainer.java:744) ~[spring-jms-5.0.4.RELEASE.jar:5.0.4.RELEASE]
	at org.springframework.jms.listener.AbstractMessageListenerContainer.invokeListener(AbstractMessageListenerContainer.java:704) [spring-jms-5.0.4.RELEASE.jar:5.0.4.RELEASE]
	at org.springframework.jms.listener.AbstractMessageListenerContainer.doExecuteListener(AbstractMessageListenerContainer.java:674) [spring-jms-5.0.4.RELEASE.jar:5.0.4.RELEASE]
	at org.springframework.jms.listener.AbstractPollingMessageListenerContainer.doReceiveAndExecute(AbstractPollingMessageListenerContainer.java:318) [spring-jms-5.0.4.RELEASE.jar:5.0.4.RELEASE]
	at org.springframework.jms.listener.AbstractPollingMessageListenerContainer.receiveAndExecute(AbstractPollingMessageListenerContainer.java:257) [spring-jms-5.0.4.RELEASE.jar:5.0.4.RELEASE]
	at org.springframework.jms.listener.DefaultMessageListenerContainer$AsyncMessageListenerInvoker.invokeListener(DefaultMessageListenerContainer.java:1173) [spring-jms-5.0.4.RELEASE.jar:5.0.4.RELEASE]
	at org.springframework.jms.listener.DefaultMessageListenerContainer$AsyncMessageListenerInvoker.executeOngoingLoop(DefaultMessageListenerContainer.java:1165) [spring-jms-5.0.4.RELEASE.jar:5.0.4.RELEASE]
	at org.springframework.jms.listener.DefaultMessageListenerContainer$AsyncMessageListenerInvoker.run(DefaultMessageListenerContainer.java:1062) [spring-jms-5.0.4.RELEASE.jar:5.0.4.RELEASE]
	at java.lang.Thread.run(Thread.java:745) [?:1.8.0_121]
Caused by: java.lang.NoSuchMethodException: java.lang.Class.printStringValue(java.lang.String)
	at java.lang.Class.getMethod(Class.java:1786) ~[?:1.8.0_121]
	at org.springframework.util.MethodInvoker.prepare(MethodInvoker.java:181) ~[spring-core-5.0.4.RELEASE.jar:5.0.4.RELEASE]
	at org.springframework.jms.listener.adapter.MessageListenerAdapter.invokeListenerMethod(MessageListenerAdapter.java:293) ~[spring-jms-5.0.4.RELEASE.jar:5.0.4.RELEASE]
	... 10 more
[22:02:51:716] [WARN] - org.springframework.jms.listener.AbstractMessageListenerContainer.invokeErrorHandler(AbstractMessageListenerContainer.java:937) - Execution of JMS message listener failed, and no ErrorHandler has been set.
org.springframework.jms.listener.adapter.ListenerExecutionFailedException: Failed to invoke target method 'printStringValue' with arguments {{"id":null,"employee_id":1221431,"name":"郭冬雨是大帅哥123","company_name":null,"area_name":"天津滨江道","phone_number":"17822000706","password":null,"api_key":null,"imei":null}}; nested exception is java.lang.NoSuchMethodException: java.lang.Class.printStringValue(java.lang.String)
	at org.springframework.jms.listener.adapter.MessageListenerAdapter.invokeListenerMethod(MessageListenerAdapter.java:308) ~[spring-jms-5.0.4.RELEASE.jar:5.0.4.RELEASE]
	at org.springframework.jms.listener.adapter.MessageListenerAdapter.onMessage(MessageListenerAdapter.java:222) ~[spring-jms-5.0.4.RELEASE.jar:5.0.4.RELEASE]
	at org.springframework.jms.listener.AbstractMessageListenerContainer.doInvokeListener(AbstractMessageListenerContainer.java:744) ~[spring-jms-5.0.4.RELEASE.jar:5.0.4.RELEASE]
	at org.springframework.jms.listener.AbstractMessageListenerContainer.invokeListener(AbstractMessageListenerContainer.java:704) [spring-jms-5.0.4.RELEASE.jar:5.0.4.RELEASE]
	at org.springframework.jms.listener.AbstractMessageListenerContainer.doExecuteListener(AbstractMessageListenerContainer.java:674) [spring-jms-5.0.4.RELEASE.jar:5.0.4.RELEASE]
	at org.springframework.jms.listener.AbstractPollingMessageListenerContainer.doReceiveAndExecute(AbstractPollingMessageListenerContainer.java:318) [spring-jms-5.0.4.RELEASE.jar:5.0.4.RELEASE]
	at org.springframework.jms.listener.AbstractPollingMessageListenerContainer.receiveAndExecute(AbstractPollingMessageListenerContainer.java:257) [spring-jms-5.0.4.RELEASE.jar:5.0.4.RELEASE]
	at org.springframework.jms.listener.DefaultMessageListenerContainer$AsyncMessageListenerInvoker.invokeListener(DefaultMessageListenerContainer.java:1173) [spring-jms-5.0.4.RELEASE.jar:5.0.4.RELEASE]
	at org.springframework.jms.listener.DefaultMessageListenerContainer$AsyncMessageListenerInvoker.executeOngoingLoop(DefaultMessageListenerContainer.java:1165) [spring-jms-5.0.4.RELEASE.jar:5.0.4.RELEASE]
	at org.springframework.jms.listener.DefaultMessageListenerContainer$AsyncMessageListenerInvoker.run(DefaultMessageListenerContainer.java:1062) [spring-jms-5.0.4.RELEASE.jar:5.0.4.RELEASE]
	at java.lang.Thread.run(Thread.java:745) [?:1.8.0_121]
Caused by: java.lang.NoSuchMethodException: java.lang.Class.printStringValue(java.lang.String)
	at java.lang.Class.getMethod(Class.java:1786) ~[?:1.8.0_121]
	at org.springframework.util.MethodInvoker.prepare(MethodInvoker.java:181) ~[spring-core-5.0.4.RELEASE.jar:5.0.4.RELEASE]
	at org.springframework.jms.listener.adapter.MessageListenerAdapter.invokeListenerMethod(MessageListenerAdapter.java:293) ~[spring-jms-5.0.4.RELEASE.jar:5.0.4.RELEASE]
	... 10 more
[22:07:34:000] [WARN] - org.springframework.jms.listener.AbstractMessageListenerContainer.invokeErrorHandler(AbstractMessageListenerContainer.java:937) - Execution of JMS message listener failed, and no ErrorHandler has been set.
org.springframework.jms.listener.adapter.ListenerExecutionFailedException: Failed to invoke target method 'printStringValue' with arguments {{"id":null,"employee_id":1221431,"name":"郭冬雨是大帅哥123","company_name":null,"area_name":"天津滨江道","phone_number":"17822000706","password":null,"api_key":null,"imei":null}}; nested exception is java.lang.NoSuchMethodException: com.edoctor.controller.ConsumeMQController.printStringValue(java.lang.String)
	at org.springframework.jms.listener.adapter.MessageListenerAdapter.invokeListenerMethod(MessageListenerAdapter.java:308) ~[spring-jms-5.0.4.RELEASE.jar:5.0.4.RELEASE]
	at org.springframework.jms.listener.adapter.MessageListenerAdapter.onMessage(MessageListenerAdapter.java:222) ~[spring-jms-5.0.4.RELEASE.jar:5.0.4.RELEASE]
	at org.springframework.jms.listener.AbstractMessageListenerContainer.doInvokeListener(AbstractMessageListenerContainer.java:744) ~[spring-jms-5.0.4.RELEASE.jar:5.0.4.RELEASE]
	at org.springframework.jms.listener.AbstractMessageListenerContainer.invokeListener(AbstractMessageListenerContainer.java:704) [spring-jms-5.0.4.RELEASE.jar:5.0.4.RELEASE]
	at org.springframework.jms.listener.AbstractMessageListenerContainer.doExecuteListener(AbstractMessageListenerContainer.java:674) [spring-jms-5.0.4.RELEASE.jar:5.0.4.RELEASE]
	at org.springframework.jms.listener.AbstractPollingMessageListenerContainer.doReceiveAndExecute(AbstractPollingMessageListenerContainer.java:318) [spring-jms-5.0.4.RELEASE.jar:5.0.4.RELEASE]
	at org.springframework.jms.listener.AbstractPollingMessageListenerContainer.receiveAndExecute(AbstractPollingMessageListenerContainer.java:257) [spring-jms-5.0.4.RELEASE.jar:5.0.4.RELEASE]
	at org.springframework.jms.listener.DefaultMessageListenerContainer$AsyncMessageListenerInvoker.invokeListener(DefaultMessageListenerContainer.java:1173) [spring-jms-5.0.4.RELEASE.jar:5.0.4.RELEASE]
	at org.springframework.jms.listener.DefaultMessageListenerContainer$AsyncMessageListenerInvoker.executeOngoingLoop(DefaultMessageListenerContainer.java:1165) [spring-jms-5.0.4.RELEASE.jar:5.0.4.RELEASE]
	at org.springframework.jms.listener.DefaultMessageListenerContainer$AsyncMessageListenerInvoker.run(DefaultMessageListenerContainer.java:1062) [spring-jms-5.0.4.RELEASE.jar:5.0.4.RELEASE]
	at java.lang.Thread.run(Thread.java:745) [?:1.8.0_121]
Caused by: java.lang.NoSuchMethodException: com.edoctor.controller.ConsumeMQController.printStringValue(java.lang.String)
	at java.lang.Class.getMethod(Class.java:1786) ~[?:1.8.0_121]
	at org.springframework.util.MethodInvoker.prepare(MethodInvoker.java:181) ~[spring-core-5.0.4.RELEASE.jar:5.0.4.RELEASE]
	at org.springframework.jms.listener.adapter.MessageListenerAdapter.invokeListenerMethod(MessageListenerAdapter.java:293) ~[spring-jms-5.0.4.RELEASE.jar:5.0.4.RELEASE]
	... 10 more
[22:07:35:051] [WARN] - org.springframework.jms.listener.AbstractMessageListenerContainer.invokeErrorHandler(AbstractMessageListenerContainer.java:937) - Execution of JMS message listener failed, and no ErrorHandler has been set.
org.springframework.jms.listener.adapter.ListenerExecutionFailedException: Failed to invoke target method 'printStringValue' with arguments {{"id":null,"employee_id":1221431,"name":"郭冬雨是大帅哥123","company_name":null,"area_name":"天津滨江道","phone_number":"17822000706","password":null,"api_key":null,"imei":null}}; nested exception is java.lang.NoSuchMethodException: com.edoctor.controller.ConsumeMQController.printStringValue(java.lang.String)
	at org.springframework.jms.listener.adapter.MessageListenerAdapter.invokeListenerMethod(MessageListenerAdapter.java:308) ~[spring-jms-5.0.4.RELEASE.jar:5.0.4.RELEASE]
	at org.springframework.jms.listener.adapter.MessageListenerAdapter.onMessage(MessageListenerAdapter.java:222) ~[spring-jms-5.0.4.RELEASE.jar:5.0.4.RELEASE]
	at org.springframework.jms.listener.AbstractMessageListenerContainer.doInvokeListener(AbstractMessageListenerContainer.java:744) ~[spring-jms-5.0.4.RELEASE.jar:5.0.4.RELEASE]
	at org.springframework.jms.listener.AbstractMessageListenerContainer.invokeListener(AbstractMessageListenerContainer.java:704) [spring-jms-5.0.4.RELEASE.jar:5.0.4.RELEASE]
	at org.springframework.jms.listener.AbstractMessageListenerContainer.doExecuteListener(AbstractMessageListenerContainer.java:674) [spring-jms-5.0.4.RELEASE.jar:5.0.4.RELEASE]
	at org.springframework.jms.listener.AbstractPollingMessageListenerContainer.doReceiveAndExecute(AbstractPollingMessageListenerContainer.java:318) [spring-jms-5.0.4.RELEASE.jar:5.0.4.RELEASE]
	at org.springframework.jms.listener.AbstractPollingMessageListenerContainer.receiveAndExecute(AbstractPollingMessageListenerContainer.java:257) [spring-jms-5.0.4.RELEASE.jar:5.0.4.RELEASE]
	at org.springframework.jms.listener.DefaultMessageListenerContainer$AsyncMessageListenerInvoker.invokeListener(DefaultMessageListenerContainer.java:1173) [spring-jms-5.0.4.RELEASE.jar:5.0.4.RELEASE]
	at org.springframework.jms.listener.DefaultMessageListenerContainer$AsyncMessageListenerInvoker.executeOngoingLoop(DefaultMessageListenerContainer.java:1165) [spring-jms-5.0.4.RELEASE.jar:5.0.4.RELEASE]
	at org.springframework.jms.listener.DefaultMessageListenerContainer$AsyncMessageListenerInvoker.run(DefaultMessageListenerContainer.java:1062) [spring-jms-5.0.4.RELEASE.jar:5.0.4.RELEASE]
	at java.lang.Thread.run(Thread.java:745) [?:1.8.0_121]
Caused by: java.lang.NoSuchMethodException: com.edoctor.controller.ConsumeMQController.printStringValue(java.lang.String)
	at java.lang.Class.getMethod(Class.java:1786) ~[?:1.8.0_121]
	at org.springframework.util.MethodInvoker.prepare(MethodInvoker.java:181) ~[spring-core-5.0.4.RELEASE.jar:5.0.4.RELEASE]
	at org.springframework.jms.listener.adapter.MessageListenerAdapter.invokeListenerMethod(MessageListenerAdapter.java:293) ~[spring-jms-5.0.4.RELEASE.jar:5.0.4.RELEASE]
	... 10 more
[22:07:36:083] [WARN] - org.springframework.jms.listener.AbstractMessageListenerContainer.invokeErrorHandler(AbstractMessageListenerContainer.java:937) - Execution of JMS message listener failed, and no ErrorHandler has been set.
org.springframework.jms.listener.adapter.ListenerExecutionFailedException: Failed to invoke target method 'printStringValue' with arguments {{"id":null,"employee_id":1221431,"name":"郭冬雨是大帅哥123","company_name":null,"area_name":"天津滨江道","phone_number":"17822000706","password":null,"api_key":null,"imei":null}}; nested exception is java.lang.NoSuchMethodException: com.edoctor.controller.ConsumeMQController.printStringValue(java.lang.String)
	at org.springframework.jms.listener.adapter.MessageListenerAdapter.invokeListenerMethod(MessageListenerAdapter.java:308) ~[spring-jms-5.0.4.RELEASE.jar:5.0.4.RELEASE]
	at org.springframework.jms.listener.adapter.MessageListenerAdapter.onMessage(MessageListenerAdapter.java:222) ~[spring-jms-5.0.4.RELEASE.jar:5.0.4.RELEASE]
	at org.springframework.jms.listener.AbstractMessageListenerContainer.doInvokeListener(AbstractMessageListenerContainer.java:744) ~[spring-jms-5.0.4.RELEASE.jar:5.0.4.RELEASE]
	at org.springframework.jms.listener.AbstractMessageListenerContainer.invokeListener(AbstractMessageListenerContainer.java:704) [spring-jms-5.0.4.RELEASE.jar:5.0.4.RELEASE]
	at org.springframework.jms.listener.AbstractMessageListenerContainer.doExecuteListener(AbstractMessageListenerContainer.java:674) [spring-jms-5.0.4.RELEASE.jar:5.0.4.RELEASE]
	at org.springframework.jms.listener.AbstractPollingMessageListenerContainer.doReceiveAndExecute(AbstractPollingMessageListenerContainer.java:318) [spring-jms-5.0.4.RELEASE.jar:5.0.4.RELEASE]
	at org.springframework.jms.listener.AbstractPollingMessageListenerContainer.receiveAndExecute(AbstractPollingMessageListenerContainer.java:257) [spring-jms-5.0.4.RELEASE.jar:5.0.4.RELEASE]
	at org.springframework.jms.listener.DefaultMessageListenerContainer$AsyncMessageListenerInvoker.invokeListener(DefaultMessageListenerContainer.java:1173) [spring-jms-5.0.4.RELEASE.jar:5.0.4.RELEASE]
	at org.springframework.jms.listener.DefaultMessageListenerContainer$AsyncMessageListenerInvoker.executeOngoingLoop(DefaultMessageListenerContainer.java:1165) [spring-jms-5.0.4.RELEASE.jar:5.0.4.RELEASE]
	at org.springframework.jms.listener.DefaultMessageListenerContainer$AsyncMessageListenerInvoker.run(DefaultMessageListenerContainer.java:1062) [spring-jms-5.0.4.RELEASE.jar:5.0.4.RELEASE]
	at java.lang.Thread.run(Thread.java:745) [?:1.8.0_121]
Caused by: java.lang.NoSuchMethodException: com.edoctor.controller.ConsumeMQController.printStringValue(java.lang.String)
	at java.lang.Class.getMethod(Class.java:1786) ~[?:1.8.0_121]
	at org.springframework.util.MethodInvoker.prepare(MethodInvoker.java:181) ~[spring-core-5.0.4.RELEASE.jar:5.0.4.RELEASE]
	at org.springframework.jms.listener.adapter.MessageListenerAdapter.invokeListenerMethod(MessageListenerAdapter.java:293) ~[spring-jms-5.0.4.RELEASE.jar:5.0.4.RELEASE]
	... 10 more
[22:07:37:115] [WARN] - org.springframework.jms.listener.AbstractMessageListenerContainer.invokeErrorHandler(AbstractMessageListenerContainer.java:937) - Execution of JMS message listener failed, and no ErrorHandler has been set.
org.springframework.jms.listener.adapter.ListenerExecutionFailedException: Failed to invoke target method 'printStringValue' with arguments {{"id":null,"employee_id":1221431,"name":"郭冬雨是大帅哥123","company_name":null,"area_name":"天津滨江道","phone_number":"17822000706","password":null,"api_key":null,"imei":null}}; nested exception is java.lang.NoSuchMethodException: com.edoctor.controller.ConsumeMQController.printStringValue(java.lang.String)
	at org.springframework.jms.listener.adapter.MessageListenerAdapter.invokeListenerMethod(MessageListenerAdapter.java:308) ~[spring-jms-5.0.4.RELEASE.jar:5.0.4.RELEASE]
	at org.springframework.jms.listener.adapter.MessageListenerAdapter.onMessage(MessageListenerAdapter.java:222) ~[spring-jms-5.0.4.RELEASE.jar:5.0.4.RELEASE]
	at org.springframework.jms.listener.AbstractMessageListenerContainer.doInvokeListener(AbstractMessageListenerContainer.java:744) ~[spring-jms-5.0.4.RELEASE.jar:5.0.4.RELEASE]
	at org.springframework.jms.listener.AbstractMessageListenerContainer.invokeListener(AbstractMessageListenerContainer.java:704) [spring-jms-5.0.4.RELEASE.jar:5.0.4.RELEASE]
	at org.springframework.jms.listener.AbstractMessageListenerContainer.doExecuteListener(AbstractMessageListenerContainer.java:674) [spring-jms-5.0.4.RELEASE.jar:5.0.4.RELEASE]
	at org.springframework.jms.listener.AbstractPollingMessageListenerContainer.doReceiveAndExecute(AbstractPollingMessageListenerContainer.java:318) [spring-jms-5.0.4.RELEASE.jar:5.0.4.RELEASE]
	at org.springframework.jms.listener.AbstractPollingMessageListenerContainer.receiveAndExecute(AbstractPollingMessageListenerContainer.java:257) [spring-jms-5.0.4.RELEASE.jar:5.0.4.RELEASE]
	at org.springframework.jms.listener.DefaultMessageListenerContainer$AsyncMessageListenerInvoker.invokeListener(DefaultMessageListenerContainer.java:1173) [spring-jms-5.0.4.RELEASE.jar:5.0.4.RELEASE]
	at org.springframework.jms.listener.DefaultMessageListenerContainer$AsyncMessageListenerInvoker.executeOngoingLoop(DefaultMessageListenerContainer.java:1165) [spring-jms-5.0.4.RELEASE.jar:5.0.4.RELEASE]
	at org.springframework.jms.listener.DefaultMessageListenerContainer$AsyncMessageListenerInvoker.run(DefaultMessageListenerContainer.java:1062) [spring-jms-5.0.4.RELEASE.jar:5.0.4.RELEASE]
	at java.lang.Thread.run(Thread.java:745) [?:1.8.0_121]
Caused by: java.lang.NoSuchMethodException: com.edoctor.controller.ConsumeMQController.printStringValue(java.lang.String)
	at java.lang.Class.getMethod(Class.java:1786) ~[?:1.8.0_121]
	at org.springframework.util.MethodInvoker.prepare(MethodInvoker.java:181) ~[spring-core-5.0.4.RELEASE.jar:5.0.4.RELEASE]
	at org.springframework.jms.listener.adapter.MessageListenerAdapter.invokeListenerMethod(MessageListenerAdapter.java:293) ~[spring-jms-5.0.4.RELEASE.jar:5.0.4.RELEASE]
	... 10 more
[22:07:38:146] [WARN] - org.springframework.jms.listener.AbstractMessageListenerContainer.invokeErrorHandler(AbstractMessageListenerContainer.java:937) - Execution of JMS message listener failed, and no ErrorHandler has been set.
org.springframework.jms.listener.adapter.ListenerExecutionFailedException: Failed to invoke target method 'printStringValue' with arguments {{"id":null,"employee_id":1221431,"name":"郭冬雨是大帅哥123","company_name":null,"area_name":"天津滨江道","phone_number":"17822000706","password":null,"api_key":null,"imei":null}}; nested exception is java.lang.NoSuchMethodException: com.edoctor.controller.ConsumeMQController.printStringValue(java.lang.String)
	at org.springframework.jms.listener.adapter.MessageListenerAdapter.invokeListenerMethod(MessageListenerAdapter.java:308) ~[spring-jms-5.0.4.RELEASE.jar:5.0.4.RELEASE]
	at org.springframework.jms.listener.adapter.MessageListenerAdapter.onMessage(MessageListenerAdapter.java:222) ~[spring-jms-5.0.4.RELEASE.jar:5.0.4.RELEASE]
	at org.springframework.jms.listener.AbstractMessageListenerContainer.doInvokeListener(AbstractMessageListenerContainer.java:744) ~[spring-jms-5.0.4.RELEASE.jar:5.0.4.RELEASE]
	at org.springframework.jms.listener.AbstractMessageListenerContainer.invokeListener(AbstractMessageListenerContainer.java:704) [spring-jms-5.0.4.RELEASE.jar:5.0.4.RELEASE]
	at org.springframework.jms.listener.AbstractMessageListenerContainer.doExecuteListener(AbstractMessageListenerContainer.java:674) [spring-jms-5.0.4.RELEASE.jar:5.0.4.RELEASE]
	at org.springframework.jms.listener.AbstractPollingMessageListenerContainer.doReceiveAndExecute(AbstractPollingMessageListenerContainer.java:318) [spring-jms-5.0.4.RELEASE.jar:5.0.4.RELEASE]
	at org.springframework.jms.listener.AbstractPollingMessageListenerContainer.receiveAndExecute(AbstractPollingMessageListenerContainer.java:257) [spring-jms-5.0.4.RELEASE.jar:5.0.4.RELEASE]
	at org.springframework.jms.listener.DefaultMessageListenerContainer$AsyncMessageListenerInvoker.invokeListener(DefaultMessageListenerContainer.java:1173) [spring-jms-5.0.4.RELEASE.jar:5.0.4.RELEASE]
	at org.springframework.jms.listener.DefaultMessageListenerContainer$AsyncMessageListenerInvoker.executeOngoingLoop(DefaultMessageListenerContainer.java:1165) [spring-jms-5.0.4.RELEASE.jar:5.0.4.RELEASE]
	at org.springframework.jms.listener.DefaultMessageListenerContainer$AsyncMessageListenerInvoker.run(DefaultMessageListenerContainer.java:1062) [spring-jms-5.0.4.RELEASE.jar:5.0.4.RELEASE]
	at java.lang.Thread.run(Thread.java:745) [?:1.8.0_121]
Caused by: java.lang.NoSuchMethodException: com.edoctor.controller.ConsumeMQController.printStringValue(java.lang.String)
	at java.lang.Class.getMethod(Class.java:1786) ~[?:1.8.0_121]
	at org.springframework.util.MethodInvoker.prepare(MethodInvoker.java:181) ~[spring-core-5.0.4.RELEASE.jar:5.0.4.RELEASE]
	at org.springframework.jms.listener.adapter.MessageListenerAdapter.invokeListenerMethod(MessageListenerAdapter.java:293) ~[spring-jms-5.0.4.RELEASE.jar:5.0.4.RELEASE]
	... 10 more
[22:07:39:177] [WARN] - org.springframework.jms.listener.AbstractMessageListenerContainer.invokeErrorHandler(AbstractMessageListenerContainer.java:937) - Execution of JMS message listener failed, and no ErrorHandler has been set.
org.springframework.jms.listener.adapter.ListenerExecutionFailedException: Failed to invoke target method 'printStringValue' with arguments {{"id":null,"employee_id":1221431,"name":"郭冬雨是大帅哥123","company_name":null,"area_name":"天津滨江道","phone_number":"17822000706","password":null,"api_key":null,"imei":null}}; nested exception is java.lang.NoSuchMethodException: com.edoctor.controller.ConsumeMQController.printStringValue(java.lang.String)
	at org.springframework.jms.listener.adapter.MessageListenerAdapter.invokeListenerMethod(MessageListenerAdapter.java:308) ~[spring-jms-5.0.4.RELEASE.jar:5.0.4.RELEASE]
	at org.springframework.jms.listener.adapter.MessageListenerAdapter.onMessage(MessageListenerAdapter.java:222) ~[spring-jms-5.0.4.RELEASE.jar:5.0.4.RELEASE]
	at org.springframework.jms.listener.AbstractMessageListenerContainer.doInvokeListener(AbstractMessageListenerContainer.java:744) ~[spring-jms-5.0.4.RELEASE.jar:5.0.4.RELEASE]
	at org.springframework.jms.listener.AbstractMessageListenerContainer.invokeListener(AbstractMessageListenerContainer.java:704) [spring-jms-5.0.4.RELEASE.jar:5.0.4.RELEASE]
	at org.springframework.jms.listener.AbstractMessageListenerContainer.doExecuteListener(AbstractMessageListenerContainer.java:674) [spring-jms-5.0.4.RELEASE.jar:5.0.4.RELEASE]
	at org.springframework.jms.listener.AbstractPollingMessageListenerContainer.doReceiveAndExecute(AbstractPollingMessageListenerContainer.java:318) [spring-jms-5.0.4.RELEASE.jar:5.0.4.RELEASE]
	at org.springframework.jms.listener.AbstractPollingMessageListenerContainer.receiveAndExecute(AbstractPollingMessageListenerContainer.java:257) [spring-jms-5.0.4.RELEASE.jar:5.0.4.RELEASE]
	at org.springframework.jms.listener.DefaultMessageListenerContainer$AsyncMessageListenerInvoker.invokeListener(DefaultMessageListenerContainer.java:1173) [spring-jms-5.0.4.RELEASE.jar:5.0.4.RELEASE]
	at org.springframework.jms.listener.DefaultMessageListenerContainer$AsyncMessageListenerInvoker.executeOngoingLoop(DefaultMessageListenerContainer.java:1165) [spring-jms-5.0.4.RELEASE.jar:5.0.4.RELEASE]
	at org.springframework.jms.listener.DefaultMessageListenerContainer$AsyncMessageListenerInvoker.run(DefaultMessageListenerContainer.java:1062) [spring-jms-5.0.4.RELEASE.jar:5.0.4.RELEASE]
	at java.lang.Thread.run(Thread.java:745) [?:1.8.0_121]
Caused by: java.lang.NoSuchMethodException: com.edoctor.controller.ConsumeMQController.printStringValue(java.lang.String)
	at java.lang.Class.getMethod(Class.java:1786) ~[?:1.8.0_121]
	at org.springframework.util.MethodInvoker.prepare(MethodInvoker.java:181) ~[spring-core-5.0.4.RELEASE.jar:5.0.4.RELEASE]
	at org.springframework.jms.listener.adapter.MessageListenerAdapter.invokeListenerMethod(MessageListenerAdapter.java:293) ~[spring-jms-5.0.4.RELEASE.jar:5.0.4.RELEASE]
	... 10 more
[22:07:40:222] [WARN] - org.springframework.jms.listener.AbstractMessageListenerContainer.invokeErrorHandler(AbstractMessageListenerContainer.java:937) - Execution of JMS message listener failed, and no ErrorHandler has been set.
org.springframework.jms.listener.adapter.ListenerExecutionFailedException: Failed to invoke target method 'printStringValue' with arguments {{"id":null,"employee_id":1221431,"name":"郭冬雨是大帅哥123","company_name":null,"area_name":"天津滨江道","phone_number":"17822000706","password":null,"api_key":null,"imei":null}}; nested exception is java.lang.NoSuchMethodException: com.edoctor.controller.ConsumeMQController.printStringValue(java.lang.String)
	at org.springframework.jms.listener.adapter.MessageListenerAdapter.invokeListenerMethod(MessageListenerAdapter.java:308) ~[spring-jms-5.0.4.RELEASE.jar:5.0.4.RELEASE]
	at org.springframework.jms.listener.adapter.MessageListenerAdapter.onMessage(MessageListenerAdapter.java:222) ~[spring-jms-5.0.4.RELEASE.jar:5.0.4.RELEASE]
	at org.springframework.jms.listener.AbstractMessageListenerContainer.doInvokeListener(AbstractMessageListenerContainer.java:744) ~[spring-jms-5.0.4.RELEASE.jar:5.0.4.RELEASE]
	at org.springframework.jms.listener.AbstractMessageListenerContainer.invokeListener(AbstractMessageListenerContainer.java:704) [spring-jms-5.0.4.RELEASE.jar:5.0.4.RELEASE]
	at org.springframework.jms.listener.AbstractMessageListenerContainer.doExecuteListener(AbstractMessageListenerContainer.java:674) [spring-jms-5.0.4.RELEASE.jar:5.0.4.RELEASE]
	at org.springframework.jms.listener.AbstractPollingMessageListenerContainer.doReceiveAndExecute(AbstractPollingMessageListenerContainer.java:318) [spring-jms-5.0.4.RELEASE.jar:5.0.4.RELEASE]
	at org.springframework.jms.listener.AbstractPollingMessageListenerContainer.receiveAndExecute(AbstractPollingMessageListenerContainer.java:257) [spring-jms-5.0.4.RELEASE.jar:5.0.4.RELEASE]
	at org.springframework.jms.listener.DefaultMessageListenerContainer$AsyncMessageListenerInvoker.invokeListener(DefaultMessageListenerContainer.java:1173) [spring-jms-5.0.4.RELEASE.jar:5.0.4.RELEASE]
	at org.springframework.jms.listener.DefaultMessageListenerContainer$AsyncMessageListenerInvoker.executeOngoingLoop(DefaultMessageListenerContainer.java:1165) [spring-jms-5.0.4.RELEASE.jar:5.0.4.RELEASE]
	at org.springframework.jms.listener.DefaultMessageListenerContainer$AsyncMessageListenerInvoker.run(DefaultMessageListenerContainer.java:1062) [spring-jms-5.0.4.RELEASE.jar:5.0.4.RELEASE]
	at java.lang.Thread.run(Thread.java:745) [?:1.8.0_121]
Caused by: java.lang.NoSuchMethodException: com.edoctor.controller.ConsumeMQController.printStringValue(java.lang.String)
	at java.lang.Class.getMethod(Class.java:1786) ~[?:1.8.0_121]
	at org.springframework.util.MethodInvoker.prepare(MethodInvoker.java:181) ~[spring-core-5.0.4.RELEASE.jar:5.0.4.RELEASE]
	at org.springframework.jms.listener.adapter.MessageListenerAdapter.invokeListenerMethod(MessageListenerAdapter.java:293) ~[spring-jms-5.0.4.RELEASE.jar:5.0.4.RELEASE]
	... 10 more
